#
# A fatal error has been detected by the Java Runtime Environment:
#
#  EXCEPTION_ACCESS_VIOLATION (0xc0000005) at pc=0x00007ffe0aebd083, pid=10996, tid=13476
#
# JRE version: OpenJDK Runtime Environment (11.0.10) (build 11.0.10+0-b96-7249189)
# Java VM: OpenJDK 64-Bit Server VM (11.0.10+0-b96-7249189, mixed mode, tiered, compressed oops, g1 gc, windows-amd64)
# Problematic frame:
# C  [native-platform-file-events.dll+0x1d083]
#
# No core dump will be written. Minidumps are not enabled by default on client versions of Windows
#
# If you would like to submit a bug report, please visit:
#   https://bugreport.java.com/bugreport/crash.jsp
# The crash happened outside the Java Virtual Machine in native code.
# See problematic frame for where to report the bug.
#

---------------  S U M M A R Y ------------

Command Line: --add-opens=java.base/java.util=ALL-UNNAMED --add-opens=java.base/java.lang=ALL-UNNAMED --add-opens=java.base/java.lang.invoke=ALL-UNNAMED --add-opens=java.base/java.util=ALL-UNNAMED --add-opens=java.prefs/java.util.prefs=ALL-UNNAMED --add-opens=java.prefs/java.util.prefs=ALL-UNNAMED --add-opens=java.base/java.nio.charset=ALL-UNNAMED --add-opens=java.base/java.net=ALL-UNNAMED --add-opens=java.base/java.util.concurrent.atomic=ALL-UNNAMED -Xmx2048m -Dfile.encoding=UTF-8 -Duser.country=US -Duser.language=en -Duser.variant org.gradle.launcher.daemon.bootstrap.GradleDaemon 7.0.2

Host: Intel(R) Core(TM) i5-4210U CPU @ 1.70GHz, 4 cores, 3G,  Windows 10 , 64 bit Build 19041 (10.0.19041.1320)
Time: Fri Nov 12 17:59:16 2021 Nepal Standard Time elapsed time: 6063.982149 seconds (0d 1h 41m 3s)

---------------  T H R E A D  ---------------

Current thread (0x0000024c6150b800):  JavaThread "File watcher server" daemon [_thread_in_native, id=13476, stack(0x0000007c83600000,0x0000007c83700000)]

Stack: [0x0000007c83600000,0x0000007c83700000],  sp=0x0000007c836ff540,  free space=1021k
Native frames: (J=compiled Java code, j=interpreted, Vv=VM code, C=native code)
C  [native-platform-file-events.dll+0x1d083]

Java frames: (J=compiled Java code, j=interpreted, Vv=VM code)
j  net.rubygrapefruit.platform.internal.jni.AbstractFileEventFunctions$NativeFileWatcher.executeRunLoop0(Ljava/lang/Object;)V+0
j  net.rubygrapefruit.platform.internal.jni.AbstractFileEventFunctions$NativeFileWatcher.access$100(Lnet/rubygrapefruit/platform/internal/jni/AbstractFileEventFunctions$NativeFileWatcher;Ljava/lang/Object;)V+2
j  net.rubygrapefruit.platform.internal.jni.AbstractFileEventFunctions$NativeFileWatcher$1.run()V+26
v  ~StubRoutines::call_stub

siginfo: EXCEPTION_ACCESS_VIOLATION (0xc0000005), reading address 0x0000000000000098


Register to memory mapping:

RIP=0x00007ffe0aebd083 native-platform-file-events.dll
RAX=0x0000000000000030 is an unknown value
RBX={method} {0x0000024c65c57900} 'executeRunLoop0' '(Ljava/lang/Object;)V' in 'net/rubygrapefruit/platform/internal/jni/AbstractFileEventFunctions$NativeFileWatcher'
RCX=0x0000007c836ff580 is pointing into the stack for thread: 0x0000024c6150b800
RDX=0x0000007c836ff5b0 is pointing into the stack for thread: 0x0000024c6150b800
RSP=0x0000007c836ff540 is pointing into the stack for thread: 0x0000024c6150b800
RBP=0x0000007c836ff748 is pointing into the stack for thread: 0x0000024c6150b800
RSI=0x0000000000005ba5 is an unknown value
RDI=0x0000024c4a1ba0c3 is at code_begin+2307 in an Interpreter codelet
invoke return entry points  [0x0000024c4a1b97c0, 0x0000024c4a1ba1a0]  2528 bytes
R8 =0x0 is NULL
R9 =0x0000024c638c0d70 points into unknown readable memory: 0x0000001e00000003 | 03 00 00 00 1e 00 00 00
R10={method} {0x0000024c60a18478} 'getLogLevel' '()I' in 'net/rubygrapefruit/platform/internal/jni/NativeLogger'
R11=0x0000007c836ff460 is pointing into the stack for thread: 0x0000024c6150b800
R12=0x0 is NULL
R13={method} {0x0000024c65c57900} 'executeRunLoop0' '(Ljava/lang/Object;)V' in 'net/rubygrapefruit/platform/internal/jni/AbstractFileEventFunctions$NativeFileWatcher'
R14=0x0000007c836ff770 is pointing into the stack for thread: 0x0000024c6150b800
R15=0x0000024c6150b800 is a thread


Registers:
RAX=0x0000000000000030, RBX=0x0000024c65c578f8, RCX=0x0000007c836ff580, RDX=0x0000007c836ff5b0
RSP=0x0000007c836ff540, RBP=0x0000007c836ff748, RSI=0x0000000000005ba5, RDI=0x0000024c4a1ba0c3
R8 =0x0000000000000000, R9 =0x0000024c638c0d70, R10=0x0000024c60a18470, R11=0x0000007c836ff460
R12=0x0000000000000000, R13=0x0000024c65c578f8, R14=0x0000007c836ff770, R15=0x0000024c6150b800
RIP=0x00007ffe0aebd083, EFLAGS=0x0000000000010206

Top of Stack: (sp=0x0000007c836ff540)
0x0000007c836ff540:   0000007c836ff580 0000007c836ff5b0
0x0000007c836ff550:   00000001000000c0 0000000000000000
0x0000007c836ff560:   0000024c6150bb01 0000024c6150bb48
0x0000007c836ff570:   0000000000000000 0000024c61eb9600
0x0000007c836ff580:   0000000000000000 00007ffdf3a35d8f
0x0000007c836ff590:   0000024c6150bb48 0000024c6154c5a0
0x0000007c836ff5a0:   0000000000000030 00007ffd00000063
0x0000007c836ff5b0:   0000024c62bb4160 0000000000000010
0x0000007c836ff5c0:   0000024c65c578f8 00007ffdf3c16f02
0x0000007c836ff5d0:   000000000000000a 00007ffdf3c229b5
0x0000007c836ff5e0:   00007ffdf3a35d20 0000007c836ff770
0x0000007c836ff5f0:   0000024c65c578f8 00007ffe0aed63df
0x0000007c836ff600:   0000024c6150bb48 0000007c836ff768
0x0000007c836ff610:   0000007c836ff6a0 000010c246ca15ed
0x0000007c836ff620:   0000024c6154c4a0 00007ffe0aed5b6e
0x0000007c836ff630:   0000024c6154c4a0 0000007c836ff768 

Instructions: (pc=0x00007ffe0aebd083)
0x00007ffe0aebcf83:   cc cc cc cc cc cc cc cc cc cc cc cc cc 48 89 4c
0x00007ffe0aebcf93:   24 08 48 81 ec e8 00 00 00 48 8b 05 a5 72 10 00
0x00007ffe0aebcfa3:   48 33 c4 48 89 84 24 d8 00 00 00 c7 44 24 30 00
0x00007ffe0aebcfb3:   00 00 00 48 8b 84 24 f0 00 00 00 0f b6 80 40 01
0x00007ffe0aebcfc3:   00 00 85 c0 75 12 ba 01 00 00 00 b9 ff ff ff ff
0x00007ffe0aebcfd3:   ff 15 4f a0 11 00 eb db ba 03 00 00 00 48 8b 0d
0x00007ffe0aebcfe3:   29 a5 10 00 e8 56 99 fe ff 0f b6 c0 85 c0 74 1b
0x00007ffe0aebcff3:   45 33 c9 4c 8d 05 43 a7 0d 00 ba 03 00 00 00 48
0x00007ffe0aebd003:   8b 0d 07 a5 10 00 e8 84 67 fe ff 48 8b 84 24 f0
0x00007ffe0aebd013:   00 00 00 48 05 00 01 00 00 48 89 44 24 58 48 8d
0x00007ffe0aebd023:   54 24 40 48 8b 4c 24 58 e8 47 5f fe ff 48 8d 54
0x00007ffe0aebd033:   24 70 48 8b 4c 24 58 e8 fa 79 fe ff eb 0a 48 8d
0x00007ffe0aebd043:   4c 24 40 e8 71 a1 fe ff 48 8d 54 24 70 48 8d 4c
0x00007ffe0aebd053:   24 40 e8 b8 6e fe ff 0f b6 c0 85 c0 74 37 48 8d
0x00007ffe0aebd063:   4c 24 40 e8 25 78 fe ff 48 89 44 24 78 48 8b 44
0x00007ffe0aebd073:   24 78 48 83 c0 20 48 89 44 24 60 48 8b 44 24 60
0x00007ffe0aebd083:   83 78 68 01 75 0d 48 8b 4c 24 60 e8 fb 60 fe ff
0x00007ffe0aebd093:   90 eb 00 eb a9 ba 03 00 00 00 48 8b 0d 6c a4 10
0x00007ffe0aebd0a3:   00 e8 99 98 fe ff 0f b6 c0 85 c0 74 1b 45 33 c9
0x00007ffe0aebd0b3:   4c 8d 05 c6 a6 0d 00 ba 03 00 00 00 48 8b 0d 4a
0x00007ffe0aebd0c3:   a4 10 00 e8 c7 66 fe ff ba 01 00 00 00 33 c9 ff
0x00007ffe0aebd0d3:   15 50 9f 11 00 48 8b 84 24 f0 00 00 00 48 05 00
0x00007ffe0aebd0e3:   01 00 00 48 89 44 24 68 48 8d 54 24 48 48 8b 4c
0x00007ffe0aebd0f3:   24 68 e8 7d 5e fe ff 48 8d 94 24 90 00 00 00 48
0x00007ffe0aebd103:   8b 4c 24 68 e8 2d 79 fe ff eb 0a 48 8d 4c 24 48
0x00007ffe0aebd113:   e8 a4 a0 fe ff 48 8d 94 24 90 00 00 00 48 8d 4c
0x00007ffe0aebd123:   24 48 e8 e8 6d fe ff 0f b6 c0 85 c0 0f 84 08 01
0x00007ffe0aebd133:   00 00 48 8d 4c 24 48 e8 51 77 fe ff 48 89 84 24
0x00007ffe0aebd143:   98 00 00 00 48 8b 84 24 98 00 00 00 48 83 c0 20
0x00007ffe0aebd153:   48 89 44 24 50 48 8b 44 24 50 8b 40 68 89 44 24
0x00007ffe0aebd163:   34 83 7c 24 34 00 74 09 83 7c 24 34 03 74 02 eb
0x00007ffe0aebd173:   05 e9 bf 00 00 00 ba 06 00 00 00 48 8b 0d 8b a3 


Stack slot to memory mapping:
stack at sp + 0 slots: 0x0000007c836ff580 is pointing into the stack for thread: 0x0000024c6150b800
stack at sp + 1 slots: 0x0000007c836ff5b0 is pointing into the stack for thread: 0x0000024c6150b800
stack at sp + 2 slots: 0x00000001000000c0 is pointing into metadata
stack at sp + 3 slots: 0x0 is NULL
stack at sp + 4 slots: 0x0000024c6150bb01 points into unknown readable memory: 53 6f 75 72 63 65 46
stack at sp + 5 slots: 0x0000024c6150bb48 points into unknown readable memory: 0x00007ffdf4014c90 | 90 4c 01 f4 fd 7f 00 00
stack at sp + 6 slots: 0x0 is NULL
stack at sp + 7 slots: 0x0000024c61eb9600 points into unknown readable memory: 0xc20482c258043080 | 80 30 04 58 c2 82 04 c2


---------------  P R O C E S S  ---------------

Threads class SMR info:
_java_thread_list=0x0000024c689c4110, length=18, elements={
0x0000024c466c4800, 0x0000024c6027b000, 0x0000024c60280800, 0x0000024c60c22800,
0x0000024c6029a800, 0x0000024c6029b800, 0x0000024c6029d800, 0x0000024c602a4800,
0x0000024c602a8800, 0x0000024c60d53800, 0x0000024c61fb6800, 0x0000024c61509000,
0x0000024c61509800, 0x0000024c6150e000, 0x0000024c6150b800, 0x0000024c647ce000,
0x0000024c647d3000, 0x0000024c647d4800
}

Java Threads: ( => current thread )
  0x0000024c466c4800 JavaThread "main" [_thread_in_native, id=3116, stack(0x0000007c81500000,0x0000007c81600000)]
  0x0000024c6027b000 JavaThread "Reference Handler" daemon [_thread_blocked, id=2080, stack(0x0000007c81c00000,0x0000007c81d00000)]
  0x0000024c60280800 JavaThread "Finalizer" daemon [_thread_blocked, id=1232, stack(0x0000007c81d00000,0x0000007c81e00000)]
  0x0000024c60c22800 JavaThread "Signal Dispatcher" daemon [_thread_blocked, id=11732, stack(0x0000007c81e00000,0x0000007c81f00000)]
  0x0000024c6029a800 JavaThread "Attach Listener" daemon [_thread_blocked, id=6364, stack(0x0000007c81f00000,0x0000007c82000000)]
  0x0000024c6029b800 JavaThread "Service Thread" daemon [_thread_blocked, id=5176, stack(0x0000007c82000000,0x0000007c82100000)]
  0x0000024c6029d800 JavaThread "C2 CompilerThread0" daemon [_thread_blocked, id=13996, stack(0x0000007c82100000,0x0000007c82200000)]
  0x0000024c602a4800 JavaThread "C1 CompilerThread0" daemon [_thread_blocked, id=3196, stack(0x0000007c82200000,0x0000007c82300000)]
  0x0000024c602a8800 JavaThread "Sweeper thread" daemon [_thread_blocked, id=9324, stack(0x0000007c82300000,0x0000007c82400000)]
  0x0000024c60d53800 JavaThread "Common-Cleaner" daemon [_thread_blocked, id=2448, stack(0x0000007c82400000,0x0000007c82500000)]
  0x0000024c61fb6800 JavaThread "Daemon health stats" [_thread_blocked, id=7884, stack(0x0000007c82800000,0x0000007c82900000)]
  0x0000024c61509000 JavaThread "Cache worker for file hash cache (E:\Andriod CA2\caches\7.0.2\fileHashes)" [_thread_blocked, id=12172, stack(0x0000007c83300000,0x0000007c83400000)]
  0x0000024c61509800 JavaThread "File lock request listener" [_thread_in_native, id=15164, stack(0x0000007c83400000,0x0000007c83500000)]
  0x0000024c6150e000 JavaThread "Cache worker for journal cache (E:\Andriod CA2\caches\journal-1)" [_thread_blocked, id=1404, stack(0x0000007c83500000,0x0000007c83600000)]
=>0x0000024c6150b800 JavaThread "File watcher server" daemon [_thread_in_native, id=13476, stack(0x0000007c83600000,0x0000007c83700000)]
  0x0000024c647ce000 JavaThread "Cache worker for execution history cache (E:\Andriod CA2\caches\7.0.2\executionHistory)" [_thread_blocked, id=10432, stack(0x0000007c84200000,0x0000007c84300000)]
  0x0000024c647d3000 JavaThread "Memory manager" [_thread_blocked, id=5212, stack(0x0000007c84700000,0x0000007c84800000)]
  0x0000024c647d4800 JavaThread "pool-3-thread-1" [_thread_blocked, id=8104, stack(0x0000007c84600000,0x0000007c84700000)]

Other Threads:
  0x0000024c60273800 VMThread "VM Thread" [stack: 0x0000007c81b00000,0x0000007c81c00000] [id=10728]
  0x0000024c60da5000 WatcherThread [stack: 0x0000007c82500000,0x0000007c82600000] [id=14108]
  0x0000024c46719800 GCTaskThread "GC Thread#0" [stack: 0x0000007c81600000,0x0000007c81700000] [id=7820]
  0x0000024c617a4000 GCTaskThread "GC Thread#1" [stack: 0x0000007c82700000,0x0000007c82800000] [id=6508]
  0x0000024c624af000 GCTaskThread "GC Thread#2" [stack: 0x0000007c82c00000,0x0000007c82d00000] [id=11440]
  0x0000024c61ff0800 GCTaskThread "GC Thread#3" [stack: 0x0000007c83200000,0x0000007c83300000] [id=4268]
  0x0000024c4673b800 ConcurrentGCThread "G1 Main Marker" [stack: 0x0000007c81700000,0x0000007c81800000] [id=5420]
  0x0000024c4673d800 ConcurrentGCThread "G1 Conc#0" [stack: 0x0000007c81800000,0x0000007c81900000] [id=13536]
  0x0000024c46785800 ConcurrentGCThread "G1 Refine#0" [stack: 0x0000007c81900000,0x0000007c81a00000] [id=9584]
  0x0000024c46786800 ConcurrentGCThread "G1 Young RemSet Sampling" [stack: 0x0000007c81a00000,0x0000007c81b00000] [id=5724]

Threads with active compile tasks:

VM state:not at safepoint (normal execution)

VM Mutex/Monitor currently owned by a thread: None

Heap address: 0x0000000080000000, size: 2048 MB, Compressed Oops mode: 32-bit
Narrow klass base: 0x0000000000000000, Narrow klass shift: 3
Compressed class space size: 1073741824 Address: 0x0000000100000000

Heap:
 garbage-first heap   total 199680K, used 129577K [0x0000000080000000, 0x0000000100000000)
  region size 1024K, 7 young (7168K), 1 survivors (1024K)
 Metaspace       used 126513K, capacity 129057K, committed 130432K, reserved 1163264K
  class space    used 15546K, capacity 16470K, committed 16768K, reserved 1048576K
Heap Regions: E=young(eden), S=young(survivor), O=old, HS=humongous(starts), HC=humongous(continues), CS=collection set, F=free, A=archive, TAMS=top-at-mark-start (previous, next)
|   0|0x0000000080000000, 0x0000000080100000, 0x0000000080100000|100%| O|  |TAMS 0x0000000080100000, 0x0000000080000000| Untracked 
|   1|0x0000000080100000, 0x0000000080200000, 0x0000000080200000|100%| O|  |TAMS 0x0000000080200000, 0x0000000080100000| Untracked 
|   2|0x0000000080200000, 0x0000000080300000, 0x0000000080300000|100%| O|  |TAMS 0x0000000080300000, 0x0000000080200000| Untracked 
|   3|0x0000000080300000, 0x0000000080400000, 0x0000000080400000|100%|HS|  |TAMS 0x0000000080400000, 0x0000000080300000| Complete 
|   4|0x0000000080400000, 0x0000000080500000, 0x0000000080500000|100%|HC|  |TAMS 0x0000000080500000, 0x0000000080400000| Complete 
|   5|0x0000000080500000, 0x0000000080600000, 0x0000000080600000|100%|HC|  |TAMS 0x0000000080600000, 0x0000000080500000| Complete 
|   6|0x0000000080600000, 0x0000000080700000, 0x0000000080700000|100%| O|  |TAMS 0x0000000080700000, 0x0000000080600000| Untracked 
|   7|0x0000000080700000, 0x0000000080800000, 0x0000000080800000|100%| O|  |TAMS 0x0000000080800000, 0x0000000080700000| Untracked 
|   8|0x0000000080800000, 0x0000000080900000, 0x0000000080900000|100%| O|  |TAMS 0x0000000080900000, 0x0000000080800000| Untracked 
|   9|0x0000000080900000, 0x0000000080a00000, 0x0000000080a00000|100%| O|  |TAMS 0x0000000080a00000, 0x0000000080900000| Untracked 
|  10|0x0000000080a00000, 0x0000000080b00000, 0x0000000080b00000|100%| O|  |TAMS 0x0000000080b00000, 0x0000000080a00000| Complete 
|  11|0x0000000080b00000, 0x0000000080c00000, 0x0000000080c00000|100%| O|  |TAMS 0x0000000080c00000, 0x0000000080b00000| Untracked 
|  12|0x0000000080c00000, 0x0000000080d00000, 0x0000000080d00000|100%| O|  |TAMS 0x0000000080d00000, 0x0000000080c00000| Untracked 
|  13|0x0000000080d00000, 0x0000000080e00000, 0x0000000080e00000|100%| O|  |TAMS 0x0000000080e00000, 0x0000000080d00000| Complete 
|  14|0x0000000080e00000, 0x0000000080f00000, 0x0000000080f00000|100%| O|  |TAMS 0x0000000080f00000, 0x0000000080e00000| Complete 
|  15|0x0000000080f00000, 0x0000000081000000, 0x0000000081000000|100%| O|  |TAMS 0x0000000081000000, 0x0000000080f00000| Complete 
|  16|0x0000000081000000, 0x0000000081100000, 0x0000000081100000|100%|HS|  |TAMS 0x0000000081100000, 0x0000000081000000| Complete 
|  17|0x0000000081100000, 0x0000000081200000, 0x0000000081200000|100%|HC|  |TAMS 0x0000000081200000, 0x0000000081100000| Complete 
|  18|0x0000000081200000, 0x0000000081300000, 0x0000000081300000|100%|HS|  |TAMS 0x0000000081300000, 0x0000000081200000| Complete 
|  19|0x0000000081300000, 0x0000000081400000, 0x0000000081400000|100%|HC|  |TAMS 0x0000000081400000, 0x0000000081300000| Complete 
|  20|0x0000000081400000, 0x0000000081500000, 0x0000000081500000|100%|HC|  |TAMS 0x0000000081500000, 0x0000000081400000| Complete 
|  21|0x0000000081500000, 0x0000000081600000, 0x0000000081600000|100%|HS|  |TAMS 0x0000000081600000, 0x0000000081500000| Complete 
|  22|0x0000000081600000, 0x0000000081700000, 0x0000000081700000|100%|HC|  |TAMS 0x0000000081700000, 0x0000000081600000| Complete 
|  23|0x0000000081700000, 0x0000000081800000, 0x0000000081800000|100%|HC|  |TAMS 0x0000000081800000, 0x0000000081700000| Complete 
|  24|0x0000000081800000, 0x0000000081900000, 0x0000000081900000|100%|HC|  |TAMS 0x0000000081900000, 0x0000000081800000| Complete 
|  25|0x0000000081900000, 0x0000000081a00000, 0x0000000081a00000|100%|HC|  |TAMS 0x0000000081a00000, 0x0000000081900000| Complete 
|  26|0x0000000081a00000, 0x0000000081b00000, 0x0000000081b00000|100%| O|  |TAMS 0x0000000081b00000, 0x0000000081a00000| Complete 
|  27|0x0000000081b00000, 0x0000000081c00000, 0x0000000081c00000|100%| O|  |TAMS 0x0000000081c00000, 0x0000000081b00000| Untracked 
|  28|0x0000000081c00000, 0x0000000081d00000, 0x0000000081d00000|100%| O|  |TAMS 0x0000000081d00000, 0x0000000081c00000| Untracked 
|  29|0x0000000081d00000, 0x0000000081e00000, 0x0000000081e00000|100%| O|  |TAMS 0x0000000081e00000, 0x0000000081d00000| Untracked 
|  30|0x0000000081e00000, 0x0000000081f00000, 0x0000000081f00000|100%| O|  |TAMS 0x0000000081f00000, 0x0000000081e00000| Complete 
|  31|0x0000000081f00000, 0x0000000082000000, 0x0000000082000000|100%| O|  |TAMS 0x0000000082000000, 0x0000000081f00000| Untracked 
|  32|0x0000000082000000, 0x0000000082100000, 0x0000000082100000|100%| O|  |TAMS 0x0000000082100000, 0x0000000082000000| Complete 
|  33|0x0000000082100000, 0x0000000082200000, 0x0000000082200000|100%| O|  |TAMS 0x0000000082200000, 0x0000000082100000| Untracked 
|  34|0x0000000082200000, 0x0000000082300000, 0x0000000082300000|100%| O|  |TAMS 0x0000000082300000, 0x0000000082200000| Complete 
|  35|0x0000000082300000, 0x0000000082400000, 0x0000000082400000|100%| O|  |TAMS 0x0000000082400000, 0x0000000082300000| Complete 
|  36|0x0000000082400000, 0x0000000082500000, 0x0000000082500000|100%| O|  |TAMS 0x0000000082500000, 0x0000000082400000| Complete 
|  37|0x0000000082500000, 0x0000000082600000, 0x0000000082600000|100%| O|  |TAMS 0x0000000082600000, 0x0000000082500000| Complete 
|  38|0x0000000082600000, 0x0000000082700000, 0x0000000082700000|100%| O|  |TAMS 0x0000000082700000, 0x0000000082600000| Complete 
|  39|0x0000000082700000, 0x0000000082700000, 0x0000000082800000|  0%| F|  |TAMS 0x0000000082700000, 0x0000000082700000| Untracked 
|  40|0x0000000082800000, 0x0000000082900000, 0x0000000082900000|100%| O|  |TAMS 0x0000000082900000, 0x0000000082800000| Complete 
|  41|0x0000000082900000, 0x0000000082a00000, 0x0000000082a00000|100%| O|  |TAMS 0x0000000082a00000, 0x0000000082900000| Complete 
|  42|0x0000000082a00000, 0x0000000082b00000, 0x0000000082b00000|100%| O|  |TAMS 0x0000000082b00000, 0x0000000082a00000| Complete 
|  43|0x0000000082b00000, 0x0000000082b00000, 0x0000000082c00000|  0%| F|  |TAMS 0x0000000082b00000, 0x0000000082b00000| Untracked 
|  44|0x0000000082c00000, 0x0000000082d00000, 0x0000000082d00000|100%| O|  |TAMS 0x0000000082d00000, 0x0000000082c00000| Untracked 
|  45|0x0000000082d00000, 0x0000000082e00000, 0x0000000082e00000|100%| O|  |TAMS 0x0000000082e00000, 0x0000000082d00000| Complete 
|  46|0x0000000082e00000, 0x0000000082f00000, 0x0000000082f00000|100%| O|  |TAMS 0x0000000082f00000, 0x0000000082e00000| Complete 
|  47|0x0000000082f00000, 0x0000000083000000, 0x0000000083000000|100%| O|  |TAMS 0x0000000083000000, 0x0000000082f00000| Complete 
|  48|0x0000000083000000, 0x0000000083100000, 0x0000000083100000|100%| O|  |TAMS 0x0000000083100000, 0x0000000083000000| Complete 
|  49|0x0000000083100000, 0x0000000083200000, 0x0000000083200000|100%| O|  |TAMS 0x0000000083200000, 0x0000000083100000| Complete 
|  50|0x0000000083200000, 0x0000000083300000, 0x0000000083300000|100%| O|  |TAMS 0x0000000083300000, 0x0000000083200000| Complete 
|  51|0x0000000083300000, 0x0000000083400000, 0x0000000083400000|100%| O|  |TAMS 0x0000000083300000, 0x0000000083300000| Untracked 
|  52|0x0000000083400000, 0x0000000083500000, 0x0000000083500000|100%| O|  |TAMS 0x0000000083500000, 0x0000000083400000| Complete 
|  53|0x0000000083500000, 0x0000000083600000, 0x0000000083600000|100%| O|  |TAMS 0x0000000083500000, 0x0000000083500000| Untracked 
|  54|0x0000000083600000, 0x0000000083700000, 0x0000000083700000|100%|HS|  |TAMS 0x0000000083700000, 0x0000000083600000| Complete 
|  55|0x0000000083700000, 0x0000000083800000, 0x0000000083800000|100%|HC|  |TAMS 0x0000000083800000, 0x0000000083700000| Complete 
|  56|0x0000000083800000, 0x0000000083900000, 0x0000000083900000|100%|HC|  |TAMS 0x0000000083900000, 0x0000000083800000| Complete 
|  57|0x0000000083900000, 0x0000000083a00000, 0x0000000083a00000|100%|HC|  |TAMS 0x0000000083a00000, 0x0000000083900000| Complete 
|  58|0x0000000083a00000, 0x0000000083b00000, 0x0000000083b00000|100%|HC|  |TAMS 0x0000000083b00000, 0x0000000083a00000| Complete 
|  59|0x0000000083b00000, 0x0000000083c00000, 0x0000000083c00000|100%|HS|  |TAMS 0x0000000083c00000, 0x0000000083b00000| Complete 
|  60|0x0000000083c00000, 0x0000000083d00000, 0x0000000083d00000|100%|HC|  |TAMS 0x0000000083d00000, 0x0000000083c00000| Complete 
|  61|0x0000000083d00000, 0x0000000083e00000, 0x0000000083e00000|100%|HC|  |TAMS 0x0000000083e00000, 0x0000000083d00000| Complete 
|  62|0x0000000083e00000, 0x0000000083f00000, 0x0000000083f00000|100%|HS|  |TAMS 0x0000000083f00000, 0x0000000083e00000| Complete 
|  63|0x0000000083f00000, 0x0000000084000000, 0x0000000084000000|100%|HS|  |TAMS 0x0000000084000000, 0x0000000083f00000| Complete 
|  64|0x0000000084000000, 0x0000000084100000, 0x0000000084100000|100%|HS|  |TAMS 0x0000000084100000, 0x0000000084000000| Complete 
|  65|0x0000000084100000, 0x0000000084200000, 0x0000000084200000|100%|HS|  |TAMS 0x0000000084200000, 0x0000000084100000| Complete 
|  66|0x0000000084200000, 0x0000000084300000, 0x0000000084300000|100%|HC|  |TAMS 0x0000000084300000, 0x0000000084200000| Complete 
|  67|0x0000000084300000, 0x0000000084400000, 0x0000000084400000|100%|HC|  |TAMS 0x0000000084400000, 0x0000000084300000| Complete 
|  68|0x0000000084400000, 0x0000000084500000, 0x0000000084500000|100%|HS|  |TAMS 0x0000000084500000, 0x0000000084400000| Complete 
|  69|0x0000000084500000, 0x0000000084600000, 0x0000000084600000|100%|HC|  |TAMS 0x0000000084600000, 0x0000000084500000| Complete 
|  70|0x0000000084600000, 0x0000000084700000, 0x0000000084700000|100%| O|  |TAMS 0x0000000084700000, 0x0000000084600000| Untracked 
|  71|0x0000000084700000, 0x0000000084800000, 0x0000000084800000|100%| O|  |TAMS 0x0000000084800000, 0x0000000084700000| Untracked 
|  72|0x0000000084800000, 0x0000000084900000, 0x0000000084900000|100%| O|  |TAMS 0x0000000084900000, 0x0000000084800000| Untracked 
|  73|0x0000000084900000, 0x0000000084a00000, 0x0000000084a00000|100%| O|  |TAMS 0x0000000084a00000, 0x0000000084900000| Untracked 
|  74|0x0000000084a00000, 0x0000000084b00000, 0x0000000084b00000|100%| O|  |TAMS 0x0000000084b00000, 0x0000000084a00000| Untracked 
|  75|0x0000000084b00000, 0x0000000084c00000, 0x0000000084c00000|100%| O|  |TAMS 0x0000000084c00000, 0x0000000084b00000| Complete 
|  76|0x0000000084c00000, 0x0000000084d00000, 0x0000000084d00000|100%| O|  |TAMS 0x0000000084d00000, 0x0000000084c00000| Complete 
|  77|0x0000000084d00000, 0x0000000084e00000, 0x0000000084e00000|100%| O|  |TAMS 0x0000000084e00000, 0x0000000084d00000| Untracked 
|  78|0x0000000084e00000, 0x0000000084f00000, 0x0000000084f00000|100%| O|  |TAMS 0x0000000084f00000, 0x0000000084e00000| Complete 
|  79|0x0000000084f00000, 0x0000000085000000, 0x0000000085000000|100%| O|  |TAMS 0x0000000085000000, 0x0000000084f00000| Untracked 
|  80|0x0000000085000000, 0x0000000085100000, 0x0000000085100000|100%| O|  |TAMS 0x0000000085100000, 0x0000000085000000| Complete 
|  81|0x0000000085100000, 0x0000000085100000, 0x0000000085200000|  0%| F|  |TAMS 0x0000000085100000, 0x0000000085100000| Untracked 
|  82|0x0000000085200000, 0x0000000085300000, 0x0000000085300000|100%| O|  |TAMS 0x0000000085300000, 0x0000000085200000| Untracked 
|  83|0x0000000085300000, 0x0000000085400000, 0x0000000085400000|100%| O|  |TAMS 0x0000000085400000, 0x0000000085300000| Complete 
|  84|0x0000000085400000, 0x0000000085500000, 0x0000000085500000|100%| O|  |TAMS 0x0000000085500000, 0x0000000085400000| Complete 
|  85|0x0000000085500000, 0x0000000085600000, 0x0000000085600000|100%| O|  |TAMS 0x0000000085600000, 0x0000000085500000| Complete 
|  86|0x0000000085600000, 0x0000000085600000, 0x0000000085700000|  0%| F|  |TAMS 0x0000000085600000, 0x0000000085600000| Untracked 
|  87|0x0000000085700000, 0x0000000085700000, 0x0000000085800000|  0%| F|  |TAMS 0x0000000085700000, 0x0000000085700000| Untracked 
|  88|0x0000000085800000, 0x0000000085900000, 0x0000000085900000|100%| O|  |TAMS 0x0000000085900000, 0x0000000085800000| Complete 
|  89|0x0000000085900000, 0x0000000085a00000, 0x0000000085a00000|100%| O|  |TAMS 0x0000000085a00000, 0x0000000085900000| Complete 
|  90|0x0000000085a00000, 0x0000000085b00000, 0x0000000085b00000|100%| O|  |TAMS 0x0000000085b00000, 0x0000000085a00000| Complete 
|  91|0x0000000085b00000, 0x0000000085c00000, 0x0000000085c00000|100%| O|  |TAMS 0x0000000085c00000, 0x0000000085b00000| Complete 
|  92|0x0000000085c00000, 0x0000000085d00000, 0x0000000085d00000|100%| O|  |TAMS 0x0000000085d00000, 0x0000000085c00000| Untracked 
|  93|0x0000000085d00000, 0x0000000085e00000, 0x0000000085e00000|100%| O|  |TAMS 0x0000000085e00000, 0x0000000085d00000| Complete 
|  94|0x0000000085e00000, 0x0000000085f00000, 0x0000000085f00000|100%| O|  |TAMS 0x0000000085f00000, 0x0000000085e00000| Complete 
|  95|0x0000000085f00000, 0x0000000086000000, 0x0000000086000000|100%| O|  |TAMS 0x0000000086000000, 0x0000000085f00000| Complete 
|  96|0x0000000086000000, 0x0000000086100000, 0x0000000086100000|100%| O|  |TAMS 0x0000000086100000, 0x0000000086000000| Complete 
|  97|0x0000000086100000, 0x0000000086200000, 0x0000000086200000|100%| O|  |TAMS 0x0000000086200000, 0x0000000086100000| Untracked 
|  98|0x0000000086200000, 0x0000000086300000, 0x0000000086300000|100%| O|  |TAMS 0x0000000086300000, 0x0000000086200000| Untracked 
|  99|0x0000000086300000, 0x0000000086400000, 0x0000000086400000|100%| O|  |TAMS 0x0000000086400000, 0x0000000086300000| Untracked 
| 100|0x0000000086400000, 0x0000000086400000, 0x0000000086500000|  0%| F|  |TAMS 0x0000000086400000, 0x0000000086400000| Untracked 
| 101|0x0000000086500000, 0x0000000086600000, 0x0000000086600000|100%| O|  |TAMS 0x0000000086600000, 0x0000000086500000| Complete 
| 102|0x0000000086600000, 0x0000000086700000, 0x0000000086700000|100%| O|  |TAMS 0x0000000086700000, 0x0000000086600000| Untracked 
| 103|0x0000000086700000, 0x0000000086800000, 0x0000000086800000|100%| O|  |TAMS 0x0000000086800000, 0x0000000086700000| Untracked 
| 104|0x0000000086800000, 0x0000000086900000, 0x0000000086900000|100%| O|  |TAMS 0x0000000086900000, 0x0000000086800000| Untracked 
| 105|0x0000000086900000, 0x0000000086a00000, 0x0000000086a00000|100%| O|  |TAMS 0x0000000086a00000, 0x0000000086900000| Complete 
| 106|0x0000000086a00000, 0x0000000086b00000, 0x0000000086b00000|100%| O|  |TAMS 0x0000000086b00000, 0x0000000086a00000| Complete 
| 107|0x0000000086b00000, 0x0000000086c00000, 0x0000000086c00000|100%| O|  |TAMS 0x0000000086c00000, 0x0000000086b00000| Complete 
| 108|0x0000000086c00000, 0x0000000086d00000, 0x0000000086d00000|100%| O|  |TAMS 0x0000000086d00000, 0x0000000086c00000| Complete 
| 109|0x0000000086d00000, 0x0000000086e00000, 0x0000000086e00000|100%| O|  |TAMS 0x0000000086e00000, 0x0000000086d00000| Complete 
| 110|0x0000000086e00000, 0x0000000086f00000, 0x0000000086f00000|100%| O|  |TAMS 0x0000000086f00000, 0x0000000086e00000| Complete 
| 111|0x0000000086f00000, 0x0000000087000000, 0x0000000087000000|100%| O|  |TAMS 0x0000000087000000, 0x0000000086f00000| Complete 
| 112|0x0000000087000000, 0x0000000087100000, 0x0000000087100000|100%| O|  |TAMS 0x0000000087100000, 0x0000000087000000| Complete 
| 113|0x0000000087100000, 0x0000000087200000, 0x0000000087200000|100%| O|  |TAMS 0x0000000087200000, 0x0000000087100000| Complete 
| 114|0x0000000087200000, 0x0000000087300000, 0x0000000087300000|100%| O|  |TAMS 0x0000000087300000, 0x0000000087200000| Complete 
| 115|0x0000000087300000, 0x0000000087400000, 0x0000000087400000|100%| O|  |TAMS 0x0000000087400000, 0x0000000087300000| Complete 
| 116|0x0000000087400000, 0x0000000087500000, 0x0000000087500000|100%| O|  |TAMS 0x0000000087500000, 0x0000000087400000| Complete 
| 117|0x0000000087500000, 0x0000000087600000, 0x0000000087600000|100%| O|  |TAMS 0x0000000087600000, 0x0000000087500000| Complete 
| 118|0x0000000087600000, 0x0000000087600000, 0x0000000087700000|  0%| F|  |TAMS 0x0000000087600000, 0x0000000087600000| Untracked 
| 119|0x0000000087700000, 0x00000000877c1600, 0x0000000087800000| 75%| O|  |TAMS 0x0000000087700000, 0x0000000087700000| Untracked 
| 120|0x0000000087800000, 0x0000000087900000, 0x0000000087900000|100%| O|  |TAMS 0x0000000087900000, 0x0000000087800000| Complete 
| 121|0x0000000087900000, 0x0000000087a00000, 0x0000000087a00000|100%| O|  |TAMS 0x0000000087a00000, 0x0000000087900000| Untracked 
| 122|0x0000000087a00000, 0x0000000087a00000, 0x0000000087b00000|  0%| F|  |TAMS 0x0000000087a00000, 0x0000000087a00000| Untracked 
| 123|0x0000000087b00000, 0x0000000087c00000, 0x0000000087c00000|100%| O|  |TAMS 0x0000000087c00000, 0x0000000087b00000| Untracked 
| 124|0x0000000087c00000, 0x0000000087c00000, 0x0000000087d00000|  0%| F|  |TAMS 0x0000000087c00000, 0x0000000087c00000| Untracked 
| 125|0x0000000087d00000, 0x0000000087e00000, 0x0000000087e00000|100%| O|  |TAMS 0x0000000087e00000, 0x0000000087d00000| Complete 
| 126|0x0000000087e00000, 0x0000000087f00000, 0x0000000087f00000|100%| O|  |TAMS 0x0000000087f00000, 0x0000000087e00000| Complete 
| 127|0x0000000087f00000, 0x0000000088000000, 0x0000000088000000|100%| O|  |TAMS 0x0000000088000000, 0x0000000087f00000| Complete 
| 128|0x0000000088000000, 0x0000000088000000, 0x0000000088100000|  0%| F|  |TAMS 0x0000000088000000, 0x0000000088000000| Untracked 
| 129|0x0000000088100000, 0x0000000088200000, 0x0000000088200000|100%| O|  |TAMS 0x0000000088200000, 0x0000000088100000| Complete 
| 130|0x0000000088200000, 0x0000000088300000, 0x0000000088300000|100%| O|  |TAMS 0x00000000882c0000, 0x0000000088200000| Untracked 
| 131|0x0000000088300000, 0x0000000088300000, 0x0000000088400000|  0%| F|  |TAMS 0x0000000088300000, 0x0000000088300000| Untracked 
| 132|0x0000000088400000, 0x0000000088400000, 0x0000000088500000|  0%| F|  |TAMS 0x0000000088400000, 0x0000000088400000| Untracked 
| 133|0x0000000088500000, 0x0000000088500000, 0x0000000088600000|  0%| F|  |TAMS 0x0000000088500000, 0x0000000088500000| Untracked 
| 134|0x0000000088600000, 0x0000000088600000, 0x0000000088700000|  0%| F|  |TAMS 0x0000000088600000, 0x0000000088600000| Untracked 
| 135|0x0000000088700000, 0x0000000088700000, 0x0000000088800000|  0%| F|  |TAMS 0x0000000088700000, 0x0000000088700000| Untracked 
| 136|0x0000000088800000, 0x0000000088800000, 0x0000000088900000|  0%| F|  |TAMS 0x0000000088800000, 0x0000000088800000| Untracked 
| 137|0x0000000088900000, 0x0000000088900000, 0x0000000088a00000|  0%| F|  |TAMS 0x0000000088900000, 0x0000000088900000| Untracked 
| 138|0x0000000088a00000, 0x0000000088a00000, 0x0000000088b00000|  0%| F|  |TAMS 0x0000000088a00000, 0x0000000088a00000| Untracked 
| 139|0x0000000088b00000, 0x0000000088b00000, 0x0000000088c00000|  0%| F|  |TAMS 0x0000000088b00000, 0x0000000088b00000| Untracked 
| 140|0x0000000088c00000, 0x0000000088c00000, 0x0000000088d00000|  0%| F|  |TAMS 0x0000000088c00000, 0x0000000088c00000| Untracked 
| 141|0x0000000088d00000, 0x0000000088d00000, 0x0000000088e00000|  0%| F|  |TAMS 0x0000000088d00000, 0x0000000088d00000| Untracked 
| 142|0x0000000088e00000, 0x0000000088e00000, 0x0000000088f00000|  0%| F|  |TAMS 0x0000000088e00000, 0x0000000088e00000| Untracked 
| 143|0x0000000088f00000, 0x0000000088f00000, 0x0000000089000000|  0%| F|  |TAMS 0x0000000088f00000, 0x0000000088f00000| Untracked 
| 144|0x0000000089000000, 0x0000000089000000, 0x0000000089100000|  0%| F|  |TAMS 0x0000000089000000, 0x0000000089000000| Untracked 
| 145|0x0000000089100000, 0x0000000089100000, 0x0000000089200000|  0%| F|  |TAMS 0x0000000089100000, 0x0000000089100000| Untracked 
| 146|0x0000000089200000, 0x0000000089200000, 0x0000000089300000|  0%| F|  |TAMS 0x0000000089200000, 0x0000000089200000| Untracked 
| 147|0x0000000089300000, 0x0000000089300000, 0x0000000089400000|  0%| F|  |TAMS 0x0000000089300000, 0x0000000089300000| Untracked 
| 148|0x0000000089400000, 0x0000000089400000, 0x0000000089500000|  0%| F|  |TAMS 0x0000000089400000, 0x0000000089400000| Untracked 
| 149|0x0000000089500000, 0x0000000089500000, 0x0000000089600000|  0%| F|  |TAMS 0x0000000089500000, 0x0000000089500000| Untracked 
| 150|0x0000000089600000, 0x0000000089600000, 0x0000000089700000|  0%| F|  |TAMS 0x0000000089600000, 0x0000000089600000| Untracked 
| 151|0x0000000089700000, 0x0000000089700000, 0x0000000089800000|  0%| F|  |TAMS 0x0000000089700000, 0x0000000089700000| Untracked 
| 152|0x0000000089800000, 0x0000000089800000, 0x0000000089900000|  0%| F|  |TAMS 0x0000000089800000, 0x0000000089800000| Untracked 
| 153|0x0000000089900000, 0x0000000089900000, 0x0000000089a00000|  0%| F|  |TAMS 0x0000000089900000, 0x0000000089900000| Untracked 
| 154|0x0000000089a00000, 0x0000000089a00000, 0x0000000089b00000|  0%| F|  |TAMS 0x0000000089a00000, 0x0000000089a00000| Untracked 
| 155|0x0000000089b00000, 0x0000000089b00000, 0x0000000089c00000|  0%| F|  |TAMS 0x0000000089b00000, 0x0000000089b00000| Untracked 
| 156|0x0000000089c00000, 0x0000000089c00000, 0x0000000089d00000|  0%| F|  |TAMS 0x0000000089c00000, 0x0000000089c00000| Untracked 
| 157|0x0000000089d00000, 0x0000000089d00000, 0x0000000089e00000|  0%| F|  |TAMS 0x0000000089d00000, 0x0000000089d00000| Untracked 
| 158|0x0000000089e00000, 0x0000000089e00000, 0x0000000089f00000|  0%| F|  |TAMS 0x0000000089e00000, 0x0000000089e00000| Untracked 
| 159|0x0000000089f00000, 0x0000000089f00000, 0x000000008a000000|  0%| F|  |TAMS 0x0000000089f00000, 0x0000000089f00000| Untracked 
| 160|0x000000008a000000, 0x000000008a000000, 0x000000008a100000|  0%| F|  |TAMS 0x000000008a000000, 0x000000008a000000| Untracked 
| 161|0x000000008a100000, 0x000000008a100000, 0x000000008a200000|  0%| F|  |TAMS 0x000000008a100000, 0x000000008a100000| Untracked 
| 162|0x000000008a200000, 0x000000008a200000, 0x000000008a300000|  0%| F|  |TAMS 0x000000008a200000, 0x000000008a200000| Untracked 
| 163|0x000000008a300000, 0x000000008a300000, 0x000000008a400000|  0%| F|  |TAMS 0x000000008a300000, 0x000000008a300000| Untracked 
| 164|0x000000008a400000, 0x000000008a400000, 0x000000008a500000|  0%| F|  |TAMS 0x000000008a400000, 0x000000008a400000| Untracked 
| 165|0x000000008a500000, 0x000000008a500000, 0x000000008a600000|  0%| F|  |TAMS 0x000000008a500000, 0x000000008a500000| Untracked 
| 166|0x000000008a600000, 0x000000008a600000, 0x000000008a700000|  0%| F|  |TAMS 0x000000008a600000, 0x000000008a600000| Untracked 
| 167|0x000000008a700000, 0x000000008a700000, 0x000000008a800000|  0%| F|  |TAMS 0x000000008a700000, 0x000000008a700000| Untracked 
| 168|0x000000008a800000, 0x000000008a800000, 0x000000008a900000|  0%| F|  |TAMS 0x000000008a800000, 0x000000008a800000| Untracked 
| 169|0x000000008a900000, 0x000000008a900000, 0x000000008aa00000|  0%| F|  |TAMS 0x000000008a900000, 0x000000008a900000| Untracked 
| 170|0x000000008aa00000, 0x000000008aa00000, 0x000000008ab00000|  0%| F|  |TAMS 0x000000008aa00000, 0x000000008aa00000| Untracked 
| 171|0x000000008ab00000, 0x000000008ab00000, 0x000000008ac00000|  0%| F|  |TAMS 0x000000008ab00000, 0x000000008ab00000| Untracked 
| 172|0x000000008ac00000, 0x000000008ac00000, 0x000000008ad00000|  0%| F|  |TAMS 0x000000008ac00000, 0x000000008ac00000| Untracked 
| 173|0x000000008ad00000, 0x000000008ad00000, 0x000000008ae00000|  0%| F|  |TAMS 0x000000008ad00000, 0x000000008ad00000| Untracked 
| 174|0x000000008ae00000, 0x000000008ae00000, 0x000000008af00000|  0%| F|  |TAMS 0x000000008ae00000, 0x000000008ae00000| Untracked 
| 175|0x000000008af00000, 0x000000008af00000, 0x000000008b000000|  0%| F|  |TAMS 0x000000008af00000, 0x000000008af00000| Untracked 
| 176|0x000000008b000000, 0x000000008b000000, 0x000000008b100000|  0%| F|  |TAMS 0x000000008b000000, 0x000000008b000000| Untracked 
| 177|0x000000008b100000, 0x000000008b100000, 0x000000008b200000|  0%| F|  |TAMS 0x000000008b100000, 0x000000008b100000| Untracked 
| 178|0x000000008b200000, 0x000000008b200000, 0x000000008b300000|  0%| F|  |TAMS 0x000000008b200000, 0x000000008b200000| Untracked 
| 179|0x000000008b300000, 0x000000008b300000, 0x000000008b400000|  0%| F|  |TAMS 0x000000008b300000, 0x000000008b300000| Untracked 
| 180|0x000000008b400000, 0x000000008b400000, 0x000000008b500000|  0%| F|  |TAMS 0x000000008b400000, 0x000000008b400000| Untracked 
| 181|0x000000008b500000, 0x000000008b500000, 0x000000008b600000|  0%| F|  |TAMS 0x000000008b500000, 0x000000008b500000| Untracked 
| 182|0x000000008b600000, 0x000000008b600000, 0x000000008b700000|  0%| F|  |TAMS 0x000000008b600000, 0x000000008b600000| Untracked 
| 183|0x000000008b700000, 0x000000008b700000, 0x000000008b800000|  0%| F|  |TAMS 0x000000008b700000, 0x000000008b700000| Untracked 
| 184|0x000000008b800000, 0x000000008b800000, 0x000000008b900000|  0%| F|  |TAMS 0x000000008b800000, 0x000000008b800000| Untracked 
| 185|0x000000008b900000, 0x000000008b9c9020, 0x000000008ba00000| 78%| S|CS|TAMS 0x000000008b900000, 0x000000008b900000| Complete 
| 186|0x000000008ba00000, 0x000000008ba00000, 0x000000008bb00000|  0%| F|  |TAMS 0x000000008ba00000, 0x000000008ba00000| Untracked 
| 187|0x000000008bb00000, 0x000000008bb00000, 0x000000008bc00000|  0%| F|  |TAMS 0x000000008bb00000, 0x000000008bb00000| Untracked 
| 188|0x000000008bc00000, 0x000000008bc00000, 0x000000008bd00000|  0%| F|  |TAMS 0x000000008bc00000, 0x000000008bc00000| Untracked 
| 189|0x000000008bd00000, 0x000000008bdadcb8, 0x000000008be00000| 67%| E|  |TAMS 0x000000008bd00000, 0x000000008bd00000| Complete 
| 190|0x000000008be00000, 0x000000008bf00000, 0x000000008bf00000|100%| E|CS|TAMS 0x000000008be00000, 0x000000008be00000| Complete 
| 191|0x000000008bf00000, 0x000000008c000000, 0x000000008c000000|100%| E|CS|TAMS 0x000000008bf00000, 0x000000008bf00000| Complete 
| 192|0x000000008c000000, 0x000000008c100000, 0x000000008c100000|100%| E|CS|TAMS 0x000000008c000000, 0x000000008c000000| Complete 
| 193|0x000000008c100000, 0x000000008c200000, 0x000000008c200000|100%| E|CS|TAMS 0x000000008c100000, 0x000000008c100000| Complete 
| 194|0x000000008c200000, 0x000000008c300000, 0x000000008c300000|100%| E|CS|TAMS 0x000000008c200000, 0x000000008c200000| Complete 

Card table byte_map: [0x0000024c595b0000,0x0000024c599b0000] _byte_map_base: 0x0000024c591b0000

Marking Bits (Prev, Next): (CMBitMap*) 0x0000024c4673ad10, (CMBitMap*) 0x0000024c4673acd8
 Prev Bits: [0x0000024c5bdb0000, 0x0000024c5ddb0000)
 Next Bits: [0x0000024c59db0000, 0x0000024c5bdb0000)

Polling page: 0x0000024c45ea0000

Metaspace:

Usage:
  Non-class:    109.95 MB capacity,   108.37 MB ( 99%) used,     1.28 MB (  1%) free+waste,   311.63 KB ( <1%) overhead. 
      Class:     16.08 MB capacity,    15.18 MB ( 94%) used,   788.76 KB (  5%) free+waste,   135.19 KB ( <1%) overhead. 
       Both:    126.03 MB capacity,   123.55 MB ( 98%) used,     2.05 MB (  2%) free+waste,   446.81 KB ( <1%) overhead. 

Virtual space:
  Non-class space:      112.00 MB reserved,     111.00 MB (>99%) committed 
      Class space:        1.00 GB reserved,      16.38 MB (  2%) committed 
             Both:        1.11 GB reserved,     127.38 MB ( 11%) committed 

Chunk freelists:
   Non-Class:  885.00 KB
       Class:  298.00 KB
        Both:  1.16 MB

MaxMetaspaceSize: 17179869184.00 GB
CompressedClassSpaceSize: 1.00 GB

CodeHeap 'non-profiled nmethods': size=120064Kb used=13841Kb max_used=13841Kb free=106222Kb
 bounds [0x0000024c51c70000, 0x0000024c52a00000, 0x0000024c591b0000]
CodeHeap 'profiled nmethods': size=120000Kb used=38123Kb max_used=38123Kb free=81877Kb
 bounds [0x0000024c4a740000, 0x0000024c4cca0000, 0x0000024c51c70000]
CodeHeap 'non-nmethods': size=5696Kb used=2361Kb max_used=2414Kb free=3334Kb
 bounds [0x0000024c4a1b0000, 0x0000024c4a420000, 0x0000024c4a740000]
 total_blobs=17764 nmethods=16777 adapters=897
 compilation: enabled
              stopped_count=0, restarted_count=0
 full_count=0

Compilation events (20 events):
Event: 5908.406 Thread 0x0000024c602a4800 19005       1       java.net.InetSocketAddress$InetSocketAddressHolder::getPort (5 bytes)
Event: 5908.406 Thread 0x0000024c602a4800 nmethod 19005 0x0000024c5224c510 code [0x0000024c5224c6c0, 0x0000024c5224c778]
Event: 5916.893 Thread 0x0000024c6029d800 19006       4       java.util.ComparableTimSort::countRunAndMakeAscending (123 bytes)
Event: 5917.956 Thread 0x0000024c6029d800 nmethod 19006 0x0000024c52352290 code [0x0000024c52352460, 0x0000024c52352d18]
Event: 5933.089 Thread 0x0000024c602a4800 19007       3       java.lang.reflect.Field::acquireFieldAccessor (59 bytes)
Event: 5933.437 Thread 0x0000024c602a4800 nmethod 19007 0x0000024c4cc91690 code [0x0000024c4cc918a0, 0x0000024c4cc91e78]
Event: 5933.673 Thread 0x0000024c602a4800 19008   !   3       jdk.internal.reflect.BootstrapConstructorAccessorImpl::newInstance (24 bytes)
Event: 5933.783 Thread 0x0000024c602a4800 nmethod 19008 0x0000024c4cc92010 code [0x0000024c4cc921e0, 0x0000024c4cc92418]
Event: 5943.725 Thread 0x0000024c602a4800 19009       3       java.util.jar.Manifest$FastInputStream::readLine (296 bytes)
Event: 5943.884 Thread 0x0000024c602a4800 nmethod 19009 0x0000024c4cc92590 code [0x0000024c4cc927c0, 0x0000024c4cc930a8]
Event: 5949.238 Thread 0x0000024c602a4800 19010       3       java.lang.StringBuilder::append (9 bytes)
Event: 5949.847 Thread 0x0000024c602a4800 nmethod 19010 0x0000024c4cc93410 code [0x0000024c4cc93600, 0x0000024c4cc93918]
Event: 5971.077 Thread 0x0000024c6029d800 19011       4       java.util.concurrent.ScheduledThreadPoolExecutor$ScheduledFutureTask::setNextRunTime (38 bytes)
Event: 5971.216 Thread 0x0000024c6029d800 nmethod 19011 0x0000024c522a3210 code [0x0000024c522a33a0, 0x0000024c522a3438]
Event: 5978.111 Thread 0x0000024c6029d800 19013       4       java.lang.StringBuilder::append (8 bytes)
Event: 5978.685 Thread 0x0000024c6029d800 nmethod 19013 0x0000024c52399d10 code [0x0000024c52399ee0, 0x0000024c5239a5a8]
Event: 5983.112 Thread 0x0000024c6029d800 19014   !   4       org.slf4j.helpers.MessageFormatter::safeObjectAppend (57 bytes)
Event: 5984.966 Thread 0x0000024c6029d800 nmethod 19014 0x0000024c529fba90 code [0x0000024c529fbce0, 0x0000024c529fc5e0]
Event: 6037.891 Thread 0x0000024c602a4800 19016       3       org.gradle.internal.concurrent.CompositeStoppable$1::stop (1 bytes)
Event: 6037.892 Thread 0x0000024c602a4800 nmethod 19016 0x0000024c4cc93a90 code [0x0000024c4cc93c40, 0x0000024c4cc93d38]

GC Heap History (20 events):
Event: 553.184 GC heap before
{Heap before GC invocations=140 (full 0):
 garbage-first heap   total 199680K, used 173261K [0x0000000080000000, 0x0000000100000000)
  region size 1024K, 44 young (45056K), 4 survivors (4096K)
 Metaspace       used 122950K, capacity 125845K, committed 126080K, reserved 1159168K
  class space    used 15364K, capacity 16413K, committed 16512K, reserved 1048576K
}
Event: 553.204 GC heap after
{Heap after GC invocations=141 (full 0):
 garbage-first heap   total 199680K, used 134466K [0x0000000080000000, 0x0000000100000000)
  region size 1024K, 5 young (5120K), 5 survivors (5120K)
 Metaspace       used 122950K, capacity 125845K, committed 126080K, reserved 1159168K
  class space    used 15364K, capacity 16413K, committed 16512K, reserved 1048576K
}
Event: 620.791 GC heap before
{Heap before GC invocations=141 (full 0):
 garbage-first heap   total 199680K, used 173378K [0x0000000080000000, 0x0000000100000000)
  region size 1024K, 43 young (44032K), 5 survivors (5120K)
 Metaspace       used 123163K, capacity 126119K, committed 126336K, reserved 1159168K
  class space    used 15365K, capacity 16415K, committed 16512K, reserved 1048576K
}
Event: 620.810 GC heap after
{Heap after GC invocations=142 (full 0):
 garbage-first heap   total 199680K, used 134860K [0x0000000080000000, 0x0000000100000000)
  region size 1024K, 3 young (3072K), 3 survivors (3072K)
 Metaspace       used 123163K, capacity 126119K, committed 126336K, reserved 1159168K
  class space    used 15365K, capacity 16415K, committed 16512K, reserved 1048576K
}
Event: 1132.012 GC heap before
{Heap before GC invocations=142 (full 0):
 garbage-first heap   total 199680K, used 171724K [0x0000000080000000, 0x0000000100000000)
  region size 1024K, 40 young (40960K), 3 survivors (3072K)
 Metaspace       used 127089K, capacity 130059K, committed 130176K, reserved 1163264K
  class space    used 15701K, capacity 16765K, committed 16768K, reserved 1048576K
}
Event: 1132.792 GC heap after
{Heap after GC invocations=143 (full 0):
 garbage-first heap   total 199680K, used 135432K [0x0000000080000000, 0x0000000100000000)
  region size 1024K, 4 young (4096K), 4 survivors (4096K)
 Metaspace       used 127089K, capacity 130059K, committed 130176K, reserved 1163264K
  class space    used 15701K, capacity 16765K, committed 16768K, reserved 1048576K
}
Event: 3229.205 GC heap before
{Heap before GC invocations=144 (full 0):
 garbage-first heap   total 199680K, used 172296K [0x0000000080000000, 0x0000000100000000)
  region size 1024K, 41 young (41984K), 4 survivors (4096K)
 Metaspace       used 127173K, capacity 130123K, committed 130176K, reserved 1163264K
  class space    used 15701K, capacity 16765K, committed 16768K, reserved 1048576K
}
Event: 3241.099 GC heap after
{Heap after GC invocations=145 (full 0):
 garbage-first heap   total 199680K, used 134258K [0x0000000080000000, 0x0000000100000000)
  region size 1024K, 3 young (3072K), 3 survivors (3072K)
 Metaspace       used 127173K, capacity 130123K, committed 130176K, reserved 1163264K
  class space    used 15701K, capacity 16765K, committed 16768K, reserved 1048576K
}
Event: 3556.237 GC heap before
{Heap before GC invocations=145 (full 0):
 garbage-first heap   total 199680K, used 139378K [0x0000000080000000, 0x0000000100000000)
  region size 1024K, 9 young (9216K), 3 survivors (3072K)
 Metaspace       used 127174K, capacity 130123K, committed 130176K, reserved 1163264K
  class space    used 15701K, capacity 16765K, committed 16768K, reserved 1048576K
}
Event: 3558.920 GC heap after
{Heap after GC invocations=146 (full 0):
 garbage-first heap   total 199680K, used 129661K [0x0000000080000000, 0x0000000100000000)
  region size 1024K, 1 young (1024K), 1 survivors (1024K)
 Metaspace       used 127174K, capacity 130123K, committed 130176K, reserved 1163264K
  class space    used 15701K, capacity 16765K, committed 16768K, reserved 1048576K
}
Event: 4794.831 GC heap before
{Heap before GC invocations=146 (full 0):
 garbage-first heap   total 199680K, used 137853K [0x0000000080000000, 0x0000000100000000)
  region size 1024K, 9 young (9216K), 1 survivors (1024K)
 Metaspace       used 127177K, capacity 130124K, committed 130176K, reserved 1163264K
  class space    used 15701K, capacity 16765K, committed 16768K, reserved 1048576K
}
Event: 4799.753 GC heap after
{Heap after GC invocations=147 (full 0):
 garbage-first heap   total 199680K, used 129607K [0x0000000080000000, 0x0000000100000000)
  region size 1024K, 1 young (1024K), 1 survivors (1024K)
 Metaspace       used 127177K, capacity 130124K, committed 130176K, reserved 1163264K
  class space    used 15701K, capacity 16765K, committed 16768K, reserved 1048576K
}
Event: 4803.676 GC heap before
{Heap before GC invocations=147 (full 0):
 garbage-first heap   total 199680K, used 137799K [0x0000000080000000, 0x0000000100000000)
  region size 1024K, 9 young (9216K), 1 survivors (1024K)
 Metaspace       used 127177K, capacity 130124K, committed 130176K, reserved 1163264K
  class space    used 15701K, capacity 16765K, committed 16768K, reserved 1048576K
}
Event: 4821.144 GC heap after
{Heap after GC invocations=148 (full 0):
 garbage-first heap   total 199680K, used 129615K [0x0000000080000000, 0x0000000100000000)
  region size 1024K, 1 young (1024K), 1 survivors (1024K)
 Metaspace       used 127177K, capacity 130124K, committed 130176K, reserved 1163264K
  class space    used 15701K, capacity 16765K, committed 16768K, reserved 1048576K
}
Event: 4853.112 GC heap before
{Heap before GC invocations=148 (full 0):
 garbage-first heap   total 199680K, used 137807K [0x0000000080000000, 0x0000000100000000)
  region size 1024K, 9 young (9216K), 1 survivors (1024K)
 Metaspace       used 127179K, capacity 130124K, committed 130176K, reserved 1163264K
  class space    used 15701K, capacity 16765K, committed 16768K, reserved 1048576K
}
Event: 4853.149 GC heap after
{Heap after GC invocations=149 (full 0):
 garbage-first heap   total 199680K, used 129594K [0x0000000080000000, 0x0000000100000000)
  region size 1024K, 1 young (1024K), 1 survivors (1024K)
 Metaspace       used 127179K, capacity 130124K, committed 130176K, reserved 1163264K
  class space    used 15701K, capacity 16765K, committed 16768K, reserved 1048576K
}
Event: 5286.277 GC heap before
{Heap before GC invocations=150 (full 0):
 garbage-first heap   total 199680K, used 137786K [0x0000000080000000, 0x0000000100000000)
  region size 1024K, 9 young (9216K), 1 survivors (1024K)
 Metaspace       used 126476K, capacity 129036K, committed 130432K, reserved 1163264K
  class space    used 15541K, capacity 16466K, committed 16768K, reserved 1048576K
}
Event: 5286.637 GC heap after
{Heap after GC invocations=151 (full 0):
 garbage-first heap   total 199680K, used 129557K [0x0000000080000000, 0x0000000100000000)
  region size 1024K, 1 young (1024K), 1 survivors (1024K)
 Metaspace       used 126476K, capacity 129036K, committed 130432K, reserved 1163264K
  class space    used 15541K, capacity 16466K, committed 16768K, reserved 1048576K
}
Event: 5751.702 GC heap before
{Heap before GC invocations=151 (full 0):
 garbage-first heap   total 199680K, used 137749K [0x0000000080000000, 0x0000000100000000)
  region size 1024K, 9 young (9216K), 1 survivors (1024K)
 Metaspace       used 126482K, capacity 129036K, committed 130432K, reserved 1163264K
  class space    used 15541K, capacity 16466K, committed 16768K, reserved 1048576K
}
Event: 5772.132 GC heap after
{Heap after GC invocations=152 (full 0):
 garbage-first heap   total 199680K, used 124457K [0x0000000080000000, 0x0000000100000000)
  region size 1024K, 1 young (1024K), 1 survivors (1024K)
 Metaspace       used 126482K, capacity 129036K, committed 130432K, reserved 1163264K
  class space    used 15541K, capacity 16466K, committed 16768K, reserved 1048576K
}

Deoptimization events (20 events):
Event: 5949.711 Thread 0x0000024c6719f000 Uncommon trap: trap_request=0xffffff4d fr.pc=0x0000024c52515994 relative=0x0000000000000434
Event: 5949.711 Thread 0x0000024c6719f000 Uncommon trap: reason=unstable_if action=reinterpret pc=0x0000024c52515994 method=com.esotericsoftware.kryo.io.Input.require(I)I @ 180 c2
Event: 5949.712 Thread 0x0000024c6719f000 DEOPT PACKING pc=0x0000024c52515994 sp=0x0000007c813fef00
Event: 5949.712 Thread 0x0000024c6719f000 DEOPT UNPACKING pc=0x0000024c4a1d78af sp=0x0000007c813fee38 mode 2
Event: 5969.045 Thread 0x0000024c60e6d000 Uncommon trap: trap_request=0xffffff4d fr.pc=0x0000024c52353868 relative=0x0000000000000568
Event: 5969.132 Thread 0x0000024c60e6d000 Uncommon trap: reason=unstable_if action=reinterpret pc=0x0000024c52353868 method=java.util.concurrent.ScheduledThreadPoolExecutor.reExecutePeriodic(Ljava/util/concurrent/RunnableScheduledFuture;)V @ 5 c2
Event: 5969.171 Thread 0x0000024c60e6d000 DEOPT PACKING pc=0x0000024c52353868 sp=0x0000007c829ff0c0
Event: 5969.171 Thread 0x0000024c60e6d000 DEOPT UNPACKING pc=0x0000024c4a1d78af sp=0x0000007c829ff028 mode 2
Event: 5970.486 Thread 0x0000024c6150e800 Uncommon trap: trap_request=0xffffff4d fr.pc=0x0000024c525db5c0 relative=0x0000000000000300
Event: 5970.536 Thread 0x0000024c6150e800 Uncommon trap: reason=unstable_if action=reinterpret pc=0x0000024c525db5c0 method=java.util.concurrent.locks.AbstractQueuedSynchronizer.enq(Ljava/util/concurrent/locks/AbstractQueuedSynchronizer$Node;)Ljava/util/concurrent/locks/AbstractQueuedSynchronizer
Event: 5970.536 Thread 0x0000024c6150e800 DEOPT PACKING pc=0x0000024c525db5c0 sp=0x0000007c839fed60
Event: 5970.583 Thread 0x0000024c6150e800 DEOPT UNPACKING pc=0x0000024c4a1d78af sp=0x0000007c839fed28 mode 2
Event: 6054.297 Thread 0x0000024c6150b800 Uncommon trap: trap_request=0xffffff4d fr.pc=0x0000024c522a4a94 relative=0x00000000000009f4
Event: 6054.297 Thread 0x0000024c6150b800 Uncommon trap: reason=unstable_if action=reinterpret pc=0x0000024c522a4a94 method=java.lang.ThreadLocal.get()Ljava/lang/Object; @ 11 c2
Event: 6054.327 Thread 0x0000024c6150b800 DEOPT PACKING pc=0x0000024c522a4a94 sp=0x0000007c836fc310
Event: 6054.404 Thread 0x0000024c6150b800 DEOPT UNPACKING pc=0x0000024c4a1d78af sp=0x0000007c836fc130 mode 2
Event: 6058.276 Thread 0x0000024c61508000 Uncommon trap: trap_request=0xffffffde fr.pc=0x0000024c524593b4 relative=0x0000000000000334
Event: 6058.474 Thread 0x0000024c61508000 Uncommon trap: reason=class_check action=maybe_recompile pc=0x0000024c524593b4 method=java.lang.ThreadLocal.setInitialValue()Ljava/lang/Object; @ 31 c2
Event: 6058.474 Thread 0x0000024c61508000 DEOPT PACKING pc=0x0000024c524593b4 sp=0x0000007c838ff4e0
Event: 6058.474 Thread 0x0000024c61508000 DEOPT UNPACKING pc=0x0000024c4a1d78af sp=0x0000007c838ff410 mode 2

Classes redefined (0 events):
No events

Internal exceptions (20 events):
Event: 630.978 Thread 0x0000024c646a7800 Exception <a 'java/lang/NoSuchMethodError'{0x000000008bcfa078}: <clinit>> (0x000000008bcfa078) thrown at [./src/hotspot/share/prims/jni.cpp, line 1362]
Event: 630.981 Thread 0x0000024c646a7800 Exception <a 'java/lang/NoSuchMethodError'{0x000000008bb0d4e8}: <clinit>> (0x000000008bb0d4e8) thrown at [./src/hotspot/share/prims/jni.cpp, line 1362]
Event: 630.986 Thread 0x0000024c646a7800 Exception <a 'java/lang/NoSuchMethodError'{0x000000008bb33c38}: <clinit>> (0x000000008bb33c38) thrown at [./src/hotspot/share/prims/jni.cpp, line 1362]
Event: 631.207 Thread 0x0000024c6150d000 Exception <a 'java/lang/NoSuchMethodError'{0x000000008b78d708}: <clinit>> (0x000000008b78d708) thrown at [./src/hotspot/share/prims/jni.cpp, line 1362]
Event: 631.212 Thread 0x0000024c6150d000 Exception <a 'java/lang/NoSuchMethodError'{0x000000008b7ab200}: <clinit>> (0x000000008b7ab200) thrown at [./src/hotspot/share/prims/jni.cpp, line 1362]
Event: 631.214 Thread 0x0000024c6150d000 Exception <a 'java/lang/NoSuchMethodError'{0x000000008b7bb188}: <clinit>> (0x000000008b7bb188) thrown at [./src/hotspot/share/prims/jni.cpp, line 1362]
Event: 631.395 Thread 0x0000024c67196000 Exception <a 'sun/nio/fs/WindowsException'{0x000000008b681630}> (0x000000008b681630) thrown at [./src/hotspot/share/prims/jni.cpp, line 615]
Event: 631.978 Thread 0x0000024c646a7800 Exception <a 'java/lang/NoSuchMethodError'{0x000000008b51b340}: 'java.lang.Object java.lang.invoke.Invokers$Holder.linkToTargetMethod(java.lang.Object, java.lang.Object, java.lang.Object, int, java.lang.Object, java.lang.Object)'> (0x000000008b51b340) thrown at [./src/hotspot/share/interpreter/linkResolver.cpp, line 773]
Event: 632.120 Thread 0x0000024c646a7800 Exception <a 'java/lang/NoSuchMethodError'{0x000000008b55a520}: 'int java.lang.invoke.DirectMethodHandle$Holder.invokeVirtual(java.lang.Object, java.lang.Object, java.lang.Object)'> (0x000000008b55a520) thrown at [./src/hotspot/share/interpreter/linkResolver.cpp, line 773]
Event: 632.122 Thread 0x0000024c646a7800 Exception <a 'java/lang/IncompatibleClassChangeError'{0x000000008b563960}: Found class java.lang.Object, but interface was expected> (0x000000008b563960) thrown at [./src/hotspot/share/interpreter/linkResolver.cpp, line 839]
Event: 633.043 Thread 0x0000024c646a7800 Implicit null exception at 0x0000024c527bc4af to 0x0000024c527bc4fc
Event: 636.339 Thread 0x0000024c60e6d000 Implicit null exception at 0x0000024c51ca3274 to 0x0000024c51ca3788
Event: 5924.964 Thread 0x0000024c6719f000 Implicit null exception at 0x0000024c52357af0 to 0x0000024c52358130
Event: 5926.841 Thread 0x0000024c6719f000 Exception <a 'java/lang/NoSuchMethodError'{0x000000008bf2a200}: <clinit>> (0x000000008bf2a200) thrown at [./src/hotspot/share/prims/jni.cpp, line 1362]
Event: 5928.731 Thread 0x0000024c6719f000 Implicit null exception at 0x0000024c529cfd9d to 0x0000024c529d0704
Event: 5930.804 Thread 0x0000024c6719f000 Exception <a 'java/lang/NoSuchMethodError'{0x000000008bf80c48}: <clinit>> (0x000000008bf80c48) thrown at [./src/hotspot/share/prims/jni.cpp, line 1362]
Event: 5932.339 Thread 0x0000024c6719f000 Implicit null exception at 0x0000024c51e88227 to 0x0000024c51e883ac
Event: 5942.134 Thread 0x0000024c671a2800 Implicit null exception at 0x0000024c524a6e60 to 0x0000024c524a9718
Event: 5965.909 Thread 0x0000024c631e8800 Exception <a 'java/io/IOException'{0x000000008c0e0038}> (0x000000008c0e0038) thrown at [./src/hotspot/share/prims/jni.cpp, line 615]
Event: 6054.270 Thread 0x0000024c6150b800 Implicit null exception at 0x0000024c522a42ee to 0x0000024c522a4a7c

Events (20 events):
Event: 6037.618 Executing VM operation: RevokeBias
Event: 6037.618 Executing VM operation: RevokeBias done
Event: 6037.908 Executing VM operation: RevokeBias
Event: 6037.908 Executing VM operation: RevokeBias done
Event: 6038.512 Thread 0x0000024c647cf000 Thread exited: 0x0000024c647cf000
Event: 6038.759 Executing VM operation: RevokeBias
Event: 6038.759 Executing VM operation: RevokeBias done
Event: 6038.759 Executing VM operation: RevokeBias
Event: 6038.759 Executing VM operation: RevokeBias done
Event: 6040.498 loading class org/gradle/internal/snapshot/SnapshotHierarchy
Event: 6040.498 loading class org/gradle/internal/snapshot/SnapshotHierarchy done
Event: 6044.611 loading class org/gradle/internal/watch/vfs/impl/WatchingVirtualFileSystem
Event: 6044.611 loading class org/gradle/internal/watch/vfs/impl/WatchingVirtualFileSystem done
Event: 6053.261 loading class net/rubygrapefruit/platform/internal/jni/NativeLogger$LogLevel
Event: 6053.261 loading class net/rubygrapefruit/platform/internal/jni/NativeLogger$LogLevel done
Event: 6058.930 Thread 0x0000024c61508000 Thread exited: 0x0000024c61508000
Event: 6059.362 Executing VM operation: RevokeBias
Event: 6059.362 Executing VM operation: RevokeBias done
Event: 6059.362 Executing VM operation: RevokeBias
Event: 6059.362 Executing VM operation: RevokeBias done


Dynamic libraries:
0x00007ff700e10000 - 0x00007ff700e1a000 	C:\Program Files\Android\Android Studio1\jre\bin\java.exe
0x00007ffe36b50000 - 0x00007ffe36d45000 	C:\WINDOWS\SYSTEM32\ntdll.dll
0x00007ffe359a0000 - 0x00007ffe35a5e000 	C:\WINDOWS\System32\KERNEL32.DLL
0x00007ffe34270000 - 0x00007ffe34538000 	C:\WINDOWS\System32\KERNELBASE.dll
0x00007ffe34790000 - 0x00007ffe34890000 	C:\WINDOWS\System32\ucrtbase.dll
0x00007ffe289d0000 - 0x00007ffe289e9000 	C:\Program Files\Android\Android Studio1\jre\bin\jli.dll
0x00007ffe27270000 - 0x00007ffe27287000 	C:\Program Files\Android\Android Studio1\jre\bin\VCRUNTIME140.dll
0x00007ffe351a0000 - 0x00007ffe35341000 	C:\WINDOWS\System32\USER32.dll
0x00007ffe34570000 - 0x00007ffe34592000 	C:\WINDOWS\System32\win32u.dll
0x00007ffe35970000 - 0x00007ffe3599b000 	C:\WINDOWS\System32\GDI32.dll
0x00007ffe29c30000 - 0x00007ffe29eca000 	C:\WINDOWS\WinSxS\amd64_microsoft.windows.common-controls_6595b64144ccf1df_6.0.19041.1110_none_60b5254171f9507e\COMCTL32.dll
0x00007ffe34890000 - 0x00007ffe3499b000 	C:\WINDOWS\System32\gdi32full.dll
0x00007ffe35a60000 - 0x00007ffe35afe000 	C:\WINDOWS\System32\msvcrt.dll
0x00007ffe349a0000 - 0x00007ffe34a3d000 	C:\WINDOWS\System32\msvcp_win.dll
0x00007ffe34fa0000 - 0x00007ffe34fd0000 	C:\WINDOWS\System32\IMM32.DLL
0x00007ffe1d100000 - 0x00007ffe1d19d000 	C:\Program Files\Android\Android Studio1\jre\bin\msvcp140.dll
0x00007ffdf3680000 - 0x00007ffdf414f000 	C:\Program Files\Android\Android Studio1\jre\bin\server\jvm.dll
0x00007ffe34ba0000 - 0x00007ffe34c4c000 	C:\WINDOWS\System32\ADVAPI32.dll
0x00007ffe35b00000 - 0x00007ffe35b9b000 	C:\WINDOWS\System32\sechost.dll
0x00007ffe34cb0000 - 0x00007ffe34dda000 	C:\WINDOWS\System32\RPCRT4.dll
0x00007ffe36190000 - 0x00007ffe36198000 	C:\WINDOWS\System32\PSAPI.DLL
0x00007ffe2c840000 - 0x00007ffe2c867000 	C:\WINDOWS\SYSTEM32\WINMM.dll
0x00007ffe2f920000 - 0x00007ffe2f929000 	C:\WINDOWS\SYSTEM32\WSOCK32.dll
0x00007ffe29f90000 - 0x00007ffe29f9a000 	C:\WINDOWS\SYSTEM32\VERSION.dll
0x00007ffe36280000 - 0x00007ffe362eb000 	C:\WINDOWS\System32\WS2_32.dll
0x00007ffe32c90000 - 0x00007ffe32ca2000 	C:\WINDOWS\SYSTEM32\kernel.appcore.dll
0x00007ffe2c9c0000 - 0x00007ffe2c9d1000 	C:\Program Files\Android\Android Studio1\jre\bin\verify.dll
0x00007ffe2a8b0000 - 0x00007ffe2aa94000 	C:\WINDOWS\SYSTEM32\DBGHELP.DLL
0x00007ffe2a680000 - 0x00007ffe2a6ac000 	C:\WINDOWS\SYSTEM32\dbgcore.DLL
0x00007ffe345a0000 - 0x00007ffe34623000 	C:\WINDOWS\System32\bcryptPrimitives.dll
0x00007ffe1f000000 - 0x00007ffe1f029000 	C:\Program Files\Android\Android Studio1\jre\bin\java.dll
0x00007ffe2ee60000 - 0x00007ffe2ee6b000 	C:\Program Files\Android\Android Studio1\jre\bin\jimage.dll
0x00007ffe2f930000 - 0x00007ffe2f948000 	C:\Program Files\Android\Android Studio1\jre\bin\zip.dll
0x00007ffe363d0000 - 0x00007ffe36b0f000 	C:\WINDOWS\System32\SHELL32.dll
0x00007ffe31dc0000 - 0x00007ffe32550000 	C:\WINDOWS\SYSTEM32\windows.storage.dll
0x00007ffe35e30000 - 0x00007ffe36185000 	C:\WINDOWS\System32\combase.dll
0x00007ffe33cc0000 - 0x00007ffe33cee000 	C:\WINDOWS\SYSTEM32\Wldp.dll
0x00007ffe358c0000 - 0x00007ffe3596d000 	C:\WINDOWS\System32\SHCORE.dll
0x00007ffe35350000 - 0x00007ffe353a5000 	C:\WINDOWS\System32\shlwapi.dll
0x00007ffe341b0000 - 0x00007ffe341cf000 	C:\WINDOWS\SYSTEM32\profapi.dll
0x00007ffe2eca0000 - 0x00007ffe2ecba000 	C:\Program Files\Android\Android Studio1\jre\bin\net.dll
0x00007ffe2f4a0000 - 0x00007ffe2f5ac000 	C:\WINDOWS\SYSTEM32\WINHTTP.dll
0x00007ffe33a20000 - 0x00007ffe33a8a000 	C:\WINDOWS\system32\mswsock.dll
0x00007ffe2c9a0000 - 0x00007ffe2c9b4000 	C:\Program Files\Android\Android Studio1\jre\bin\nio.dll
0x00007ffe27230000 - 0x00007ffe27257000 	E:\Andriod CA2\native\8bec1ad78214c89d9ad589b4d07fe93259594b29d510b10fafb7a158f7737e5d\windows-amd64\native-platform.dll
0x00007ffe0aea0000 - 0x00007ffe0afdd000 	E:\Andriod CA2\native\53dbd7edfb1c66fb8903c78663c9afc45aea4f116125fa6feffd364cf09443e8\windows-amd64\native-platform-file-events.dll
0x00007ffe2dba0000 - 0x00007ffe2dbaa000 	C:\Program Files\Android\Android Studio1\jre\bin\management.dll
0x00007ffe2db00000 - 0x00007ffe2db0c000 	C:\Program Files\Android\Android Studio1\jre\bin\management_ext.dll
0x00007ffe33c10000 - 0x00007ffe33c28000 	C:\WINDOWS\SYSTEM32\CRYPTSP.dll
0x00007ffe33330000 - 0x00007ffe33364000 	C:\WINDOWS\system32\rsaenh.dll
0x00007ffe34540000 - 0x00007ffe34567000 	C:\WINDOWS\System32\bcrypt.dll
0x00007ffe34130000 - 0x00007ffe3415e000 	C:\WINDOWS\SYSTEM32\USERENV.dll
0x00007ffe33c30000 - 0x00007ffe33c3c000 	C:\WINDOWS\SYSTEM32\CRYPTBASE.dll
0x00007ffe336c0000 - 0x00007ffe336fb000 	C:\WINDOWS\SYSTEM32\IPHLPAPI.DLL
0x00007ffe35d50000 - 0x00007ffe35d58000 	C:\WINDOWS\System32\NSI.dll
0x00007ffe2cbe0000 - 0x00007ffe2cbf7000 	C:\WINDOWS\SYSTEM32\dhcpcsvc6.DLL
0x00007ffe2cbc0000 - 0x00007ffe2cbdd000 	C:\WINDOWS\SYSTEM32\dhcpcsvc.DLL
0x00007ffe33700000 - 0x00007ffe337cb000 	C:\WINDOWS\SYSTEM32\DNSAPI.dll
0x00007ffe2ec70000 - 0x00007ffe2ec97000 	C:\Program Files\Android\Android Studio1\jre\bin\sunec.dll
0x00007ffe2a6b0000 - 0x00007ffe2a6ba000 	C:\Windows\System32\rasadhlp.dll
0x00007ffe2a330000 - 0x00007ffe2a3af000 	C:\WINDOWS\System32\fwpuclnt.dll
0x00007ffe32f60000 - 0x00007ffe32f93000 	C:\WINDOWS\SYSTEM32\ntmarta.dll

dbghelp: loaded successfully - version: 4.0.5 - missing functions: none
symbol engine: initialized successfully - sym options: 0x614 - pdb path: .;C:\Program Files\Android\Android Studio1\jre\bin;C:\WINDOWS\SYSTEM32;C:\WINDOWS\WinSxS\amd64_microsoft.windows.common-controls_6595b64144ccf1df_6.0.19041.1110_none_60b5254171f9507e;C:\Program Files\Android\Android Studio1\jre\bin\server;E:\Andriod CA2\native\8bec1ad78214c89d9ad589b4d07fe93259594b29d510b10fafb7a158f7737e5d\windows-amd64;E:\Andriod CA2\native\53dbd7edfb1c66fb8903c78663c9afc45aea4f116125fa6feffd364cf09443e8\windows-amd64

VM Arguments:
jvm_args: --add-opens=java.base/java.util=ALL-UNNAMED --add-opens=java.base/java.lang=ALL-UNNAMED --add-opens=java.base/java.lang.invoke=ALL-UNNAMED --add-opens=java.base/java.util=ALL-UNNAMED --add-opens=java.prefs/java.util.prefs=ALL-UNNAMED --add-opens=java.prefs/java.util.prefs=ALL-UNNAMED --add-opens=java.base/java.nio.charset=ALL-UNNAMED --add-opens=java.base/java.net=ALL-UNNAMED --add-opens=java.base/java.util.concurrent.atomic=ALL-UNNAMED -Xmx2048m -Dfile.encoding=UTF-8 -Duser.country=US -Duser.language=en -Duser.variant 
java_command: org.gradle.launcher.daemon.bootstrap.GradleDaemon 7.0.2
java_class_path (initial): E:\Andriod CA2\wrapper\dists\gradle-7.0.2-bin\857tjihv64xamwrf0h14cai3r\gradle-7.0.2\lib\gradle-launcher-7.0.2.jar
Launcher Type: SUN_STANDARD

[Global flags]
     intx CICompilerCount                          = 3                                         {product} {ergonomic}
     uint ConcGCThreads                            = 1                                         {product} {ergonomic}
     uint G1ConcRefinementThreads                  = 4                                         {product} {ergonomic}
   size_t G1HeapRegionSize                         = 1048576                                   {product} {ergonomic}
    uintx GCDrainStackTargetSize                   = 64                                        {product} {ergonomic}
   size_t InitialHeapSize                          = 67108864                                  {product} {ergonomic}
   size_t MarkStackSize                            = 4194304                                   {product} {ergonomic}
   size_t MaxHeapSize                              = 2147483648                                {product} {command line}
   size_t MaxNewSize                               = 1287651328                                {product} {ergonomic}
   size_t MinHeapDeltaBytes                        = 1048576                                   {product} {ergonomic}
    uintx NonNMethodCodeHeapSize                   = 5830732                                {pd product} {ergonomic}
    uintx NonProfiledCodeHeapSize                  = 122913754                              {pd product} {ergonomic}
    uintx ProfiledCodeHeapSize                     = 122913754                              {pd product} {ergonomic}
    uintx ReservedCodeCacheSize                    = 251658240                              {pd product} {ergonomic}
     bool SegmentedCodeCache                       = true                                      {product} {ergonomic}
     bool UseCompressedClassPointers               = true                                 {lp64_product} {ergonomic}
     bool UseCompressedOops                        = true                                 {lp64_product} {ergonomic}
     bool UseG1GC                                  = true                                      {product} {ergonomic}
     bool UseLargePagesIndividualAllocation        = false                                  {pd product} {ergonomic}

Logging:
Log output configuration:
 #0: stdout all=warning uptime,level,tags
 #1: stderr all=off uptime,level,tags

Environment Variables:
JAVA_HOME=C:\Program Files\Java\jdk1.8.0_271
PATH=C:\Program Files\Eclipse Foundation\jdk-11.0.12.7-hotspot\bin;C:\Program Files\Eclipse Foundation\jdk-8.0.302.8-hotspot\bin;C:\Program Files (x86)\Common Files\Oracle\Java\javapath;C:\oraclexe\app\oracle\product\10.2.0\server\bin;C:\Program Files (x86)\Intel\iCLS Client\;C:\Program Files\Intel\iCLS Client\;C:\WINDOWS\system32;C:\WINDOWS;C:\WINDOWS\System32\Wbem;C:\WINDOWS\System32\WindowsPowerShell\v1.0\;C:\WINDOWS\System32\OpenSSH\;C:\Program Files (x86)\Intel\Intel(R) Management Engine Components\DAL;C:\Program Files\Intel\Intel(R) Management Engine Components\DAL;C:\Program Files (x86)\Intel\Intel(R) Management Engine Components\IPT;C:\Program Files\Intel\Intel(R) Management Engine Components\IPT;C:\Program Files\Git\cmd;C:\Program Files\Java\jdk1.8.0_271\bin;C:\Program Files\kotlinc\bin;C:\Users\KHALID\AppData\Local\Programs\Python\Python39\Scripts\:C:\Users\KHALID\AppData\Roaming\Microsoft\Windows\Start Menu\Programs\Python 3.9;C:\Users\KHALID\AppData\Local\Programs\Python\Python39\;C:\Users\KHALID\AppData\Local\Microsoft\WindowsApps;C:\Users\KHALID\AppData\Local\Programs\Microsoft VS Code\bin;C:\Program Files\kotlinc\bin;
USERNAME=KHALID
OS=Windows_NT
PROCESSOR_IDENTIFIER=Intel64 Family 6 Model 69 Stepping 1, GenuineIntel



---------------  S Y S T E M  ---------------

OS: Windows 10 , 64 bit Build 19041 (10.0.19041.1320)
OS uptime: 8 days 1:28 hours

CPU:total 4 (initial active 4) (2 cores per cpu, 2 threads per core) family 6 model 69 stepping 1 microcode 0x25, cmov, cx8, fxsr, mmx, sse, sse2, sse3, ssse3, sse4.1, sse4.2, popcnt, avx, avx2, aes, clmul, erms, lzcnt, ht, tsc, tscinvbit, bmi1, bmi2, fma

Memory: 4k page, system-wide physical 3968M (383M free)
TotalPageFile size 10091M (AvailPageFile size 2889M)
current process WorkingSet (physical memory assigned to process): 104M, peak: 536M
current process commit charge ("private bytes"): 555M, peak: 576M

vm_info: OpenJDK 64-Bit Server VM (11.0.10+0-b96-7249189) for windows-amd64 JRE (11.0.10+0-b96-7249189), built on Mar 31 2021 21:44:00 by "builder" with MS VC++ 14.0 (VS2015)

END.
